This is pdfTeX, Version 3.141592653-2.6-1.40.22 (TeX Live 2022/dev/Debian) (preloaded format=pdflatex 2022.8.22)  22 FEB 2023 15:52
entering extended mode
 restricted \write18 enabled.
 %&-line parsing enabled.
**comm.tex
(./comm.tex
LaTeX2e <2021-11-15> patch level 1
L3 programming layer <2022-01-21>
(/usr/share/texlive/texmf-dist/tex/latex/ieeetran/IEEEtran.cls
Document Class: IEEEtran 2015/08/26 V1.8b by Michael Shell
-- See the "IEEEtran_HOWTO" manual for usage information.
-- http://www.michaelshell.org/tex/ieeetran/
\@IEEEtrantmpdimenA=\dimen138
\@IEEEtrantmpdimenB=\dimen139
\@IEEEtrantmpdimenC=\dimen140
\@IEEEtrantmpcountA=\count185
\@IEEEtrantmpcountB=\count186
\@IEEEtrantmpcountC=\count187
\@IEEEtrantmptoksA=\toks16
LaTeX Font Info:    Trying to load font information for OT1+ptm on input line 5
03.
(/usr/share/texlive/texmf-dist/tex/latex/psnfss/ot1ptm.fd
File: ot1ptm.fd 2001/06/04 font definitions for OT1/ptm.
)
** ATTENTION: Single column mode is not typically used with IEEE publications.
-- Using 8.5in x 11in (letter) paper.
-- Using PDF output.
\@IEEEnormalsizeunitybaselineskip=\dimen141
-- This is a 10 point document.
\CLASSINFOnormalsizebaselineskip=\dimen142
\CLASSINFOnormalsizeunitybaselineskip=\dimen143
\IEEEnormaljot=\dimen144
LaTeX Font Info:    Font shape `OT1/ptm/bx/n' in size <5> not available
(Font)              Font shape `OT1/ptm/b/n' tried instead on input line 1090.
LaTeX Font Info:    Font shape `OT1/ptm/bx/it' in size <5> not available
(Font)              Font shape `OT1/ptm/b/it' tried instead on input line 1090.

LaTeX Font Info:    Font shape `OT1/ptm/bx/n' in size <7> not available
(Font)              Font shape `OT1/ptm/b/n' tried instead on input line 1090.
LaTeX Font Info:    Font shape `OT1/ptm/bx/it' in size <7> not available
(Font)              Font shape `OT1/ptm/b/it' tried instead on input line 1090.

LaTeX Font Info:    Font shape `OT1/ptm/bx/n' in size <8> not available
(Font)              Font shape `OT1/ptm/b/n' tried instead on input line 1090.
LaTeX Font Info:    Font shape `OT1/ptm/bx/it' in size <8> not available
(Font)              Font shape `OT1/ptm/b/it' tried instead on input line 1090.

LaTeX Font Info:    Font shape `OT1/ptm/bx/n' in size <9> not available
(Font)              Font shape `OT1/ptm/b/n' tried instead on input line 1090.
LaTeX Font Info:    Font shape `OT1/ptm/bx/it' in size <9> not available
(Font)              Font shape `OT1/ptm/b/it' tried instead on input line 1090.

LaTeX Font Info:    Font shape `OT1/ptm/bx/n' in size <10> not available
(Font)              Font shape `OT1/ptm/b/n' tried instead on input line 1090.
LaTeX Font Info:    Font shape `OT1/ptm/bx/it' in size <10> not available
(Font)              Font shape `OT1/ptm/b/it' tried instead on input line 1090.

LaTeX Font Info:    Font shape `OT1/ptm/bx/n' in size <11> not available
(Font)              Font shape `OT1/ptm/b/n' tried instead on input line 1090.
LaTeX Font Info:    Font shape `OT1/ptm/bx/it' in size <11> not available
(Font)              Font shape `OT1/ptm/b/it' tried instead on input line 1090.

LaTeX Font Info:    Font shape `OT1/ptm/bx/n' in size <12> not available
(Font)              Font shape `OT1/ptm/b/n' tried instead on input line 1090.
LaTeX Font Info:    Font shape `OT1/ptm/bx/it' in size <12> not available
(Font)              Font shape `OT1/ptm/b/it' tried instead on input line 1090.

LaTeX Font Info:    Font shape `OT1/ptm/bx/n' in size <17> not available
(Font)              Font shape `OT1/ptm/b/n' tried instead on input line 1090.
LaTeX Font Info:    Font shape `OT1/ptm/bx/it' in size <17> not available
(Font)              Font shape `OT1/ptm/b/it' tried instead on input line 1090.

LaTeX Font Info:    Font shape `OT1/ptm/bx/n' in size <20> not available
(Font)              Font shape `OT1/ptm/b/n' tried instead on input line 1090.
LaTeX Font Info:    Font shape `OT1/ptm/bx/it' in size <20> not available
(Font)              Font shape `OT1/ptm/b/it' tried instead on input line 1090.

LaTeX Font Info:    Font shape `OT1/ptm/bx/n' in size <24> not available
(Font)              Font shape `OT1/ptm/b/n' tried instead on input line 1090.
LaTeX Font Info:    Font shape `OT1/ptm/bx/it' in size <24> not available
(Font)              Font shape `OT1/ptm/b/it' tried instead on input line 1090.

\IEEEquantizedlength=\dimen145
\IEEEquantizedlengthdiff=\dimen146
\IEEEquantizedtextheightdiff=\dimen147
\IEEEilabelindentA=\dimen148
\IEEEilabelindentB=\dimen149
\IEEEilabelindent=\dimen150
\IEEEelabelindent=\dimen151
\IEEEdlabelindent=\dimen152
\IEEElabelindent=\dimen153
\IEEEiednormlabelsep=\dimen154
\IEEEiedmathlabelsep=\dimen155
\IEEEiedtopsep=\skip47
\c@section=\count188
\c@subsection=\count189
\c@subsubsection=\count190
\c@paragraph=\count191
\c@IEEEsubequation=\count192
\abovecaptionskip=\skip48
\belowcaptionskip=\skip49
\c@figure=\count193
\c@table=\count194
\@IEEEeqnnumcols=\count195
\@IEEEeqncolcnt=\count196
\@IEEEsubeqnnumrollback=\count197
\@IEEEquantizeheightA=\dimen156
\@IEEEquantizeheightB=\dimen157
\@IEEEquantizeheightC=\dimen158
\@IEEEquantizeprevdepth=\dimen159
\@IEEEquantizemultiple=\count198
\@IEEEquantizeboxA=\box50
\@IEEEtmpitemindent=\dimen160
\IEEEPARstartletwidth=\dimen161
\c@IEEEbiography=\count199
\@IEEEtranrubishbin=\box51
) (/usr/share/texlive/texmf-dist/tex/latex/graphics/graphicx.sty
Package: graphicx 2021/09/16 v1.2d Enhanced LaTeX Graphics (DPC,SPQR)

(/usr/share/texlive/texmf-dist/tex/latex/graphics/keyval.sty
Package: keyval 2014/10/28 v1.15 key=value parser (DPC)
\KV@toks@=\toks17
)
(/usr/share/texlive/texmf-dist/tex/latex/graphics/graphics.sty
Package: graphics 2021/03/04 v1.4d Standard LaTeX Graphics (DPC,SPQR)

(/usr/share/texlive/texmf-dist/tex/latex/graphics/trig.sty
Package: trig 2021/08/11 v1.11 sin cos tan (DPC)
)
(/usr/share/texlive/texmf-dist/tex/latex/graphics-cfg/graphics.cfg
File: graphics.cfg 2016/06/04 v1.11 sample graphics configuration
)
Package graphics Info: Driver file: pdftex.def on input line 107.

(/usr/share/texlive/texmf-dist/tex/latex/graphics-def/pdftex.def
File: pdftex.def 2020/10/05 v1.2a Graphics/color driver for pdftex
))
\Gin@req@height=\dimen162
\Gin@req@width=\dimen163
)
(/usr/share/texlive/texmf-dist/tex/latex/geometry/geometry.sty
Package: geometry 2020/01/02 v5.9 Page Geometry

(/usr/share/texlive/texmf-dist/tex/generic/iftex/ifvtex.sty
Package: ifvtex 2019/10/25 v1.7 ifvtex legacy package. Use iftex instead.

(/usr/share/texlive/texmf-dist/tex/generic/iftex/iftex.sty
Package: iftex 2020/03/06 v1.0d TeX engine tests
))
\Gm@cnth=\count266
\Gm@cntv=\count267
\c@Gm@tempcnt=\count268
\Gm@bindingoffset=\dimen164
\Gm@wd@mp=\dimen165
\Gm@odd@mp=\dimen166
\Gm@even@mp=\dimen167
\Gm@layoutwidth=\dimen168
\Gm@layoutheight=\dimen169
\Gm@layouthoffset=\dimen170
\Gm@layoutvoffset=\dimen171
\Gm@dimlist=\toks18
)
(/usr/share/texlive/texmf-dist/tex/latex/amsmath/amsmath.sty
Package: amsmath 2021/10/15 v2.17l AMS math features
\@mathmargin=\skip50

For additional information on amsmath, use the `?' option.
(/usr/share/texlive/texmf-dist/tex/latex/amsmath/amstext.sty
Package: amstext 2021/08/26 v2.01 AMS text

(/usr/share/texlive/texmf-dist/tex/latex/amsmath/amsgen.sty
File: amsgen.sty 1999/11/30 v2.0 generic functions
\@emptytoks=\toks19
\ex@=\dimen172
))
(/usr/share/texlive/texmf-dist/tex/latex/amsmath/amsbsy.sty
Package: amsbsy 1999/11/29 v1.2d Bold Symbols
\pmbraise@=\dimen173
)
(/usr/share/texlive/texmf-dist/tex/latex/amsmath/amsopn.sty
Package: amsopn 2021/08/26 v2.02 operator names
)
\inf@bad=\count269
LaTeX Info: Redefining \frac on input line 234.
\uproot@=\count270
\leftroot@=\count271
LaTeX Info: Redefining \overline on input line 399.
\classnum@=\count272
\DOTSCASE@=\count273
LaTeX Info: Redefining \ldots on input line 496.
LaTeX Info: Redefining \dots on input line 499.
LaTeX Info: Redefining \cdots on input line 620.
\Mathstrutbox@=\box52
\strutbox@=\box53
\big@size=\dimen174
LaTeX Font Info:    Redeclaring font encoding OML on input line 743.
LaTeX Font Info:    Redeclaring font encoding OMS on input line 744.
\macc@depth=\count274
\c@MaxMatrixCols=\count275
\dotsspace@=\muskip16
\c@parentequation=\count276
\dspbrk@lvl=\count277
\tag@help=\toks20
\row@=\count278
\column@=\count279
\maxfields@=\count280
\andhelp@=\toks21
\eqnshift@=\dimen175
\alignsep@=\dimen176
\tagshift@=\dimen177
\tagwidth@=\dimen178
\totwidth@=\dimen179
\lineht@=\dimen180
\@envbody=\toks22
\multlinegap=\skip51
\multlinetaggap=\skip52
\mathdisplay@stack=\toks23
LaTeX Info: Redefining \[ on input line 2938.
LaTeX Info: Redefining \] on input line 2939.
)
(/usr/share/texlive/texmf-dist/tex/latex/pgf/frontendlayer/tikz.sty
(/usr/share/texlive/texmf-dist/tex/latex/pgf/basiclayer/pgf.sty
(/usr/share/texlive/texmf-dist/tex/latex/pgf/utilities/pgfrcs.sty
(/usr/share/texlive/texmf-dist/tex/generic/pgf/utilities/pgfutil-common.tex
\pgfutil@everybye=\toks24
\pgfutil@tempdima=\dimen181
\pgfutil@tempdimb=\dimen182

(/usr/share/texlive/texmf-dist/tex/generic/pgf/utilities/pgfutil-common-lists.t
ex)) (/usr/share/texlive/texmf-dist/tex/generic/pgf/utilities/pgfutil-latex.def
\pgfutil@abb=\box54
) (/usr/share/texlive/texmf-dist/tex/generic/pgf/utilities/pgfrcs.code.tex
(/usr/share/texlive/texmf-dist/tex/generic/pgf/pgf.revision.tex)
Package: pgfrcs 2021/05/15 v3.1.9a (3.1.9a)
))
Package: pgf 2021/05/15 v3.1.9a (3.1.9a)

(/usr/share/texlive/texmf-dist/tex/latex/pgf/basiclayer/pgfcore.sty
(/usr/share/texlive/texmf-dist/tex/latex/pgf/systemlayer/pgfsys.sty
(/usr/share/texlive/texmf-dist/tex/generic/pgf/systemlayer/pgfsys.code.tex
Package: pgfsys 2021/05/15 v3.1.9a (3.1.9a)

(/usr/share/texlive/texmf-dist/tex/generic/pgf/utilities/pgfkeys.code.tex
\pgfkeys@pathtoks=\toks25
\pgfkeys@temptoks=\toks26

(/usr/share/texlive/texmf-dist/tex/generic/pgf/utilities/pgfkeysfiltered.code.t
ex
\pgfkeys@tmptoks=\toks27
))
\pgf@x=\dimen183
\pgf@y=\dimen184
\pgf@xa=\dimen185
\pgf@ya=\dimen186
\pgf@xb=\dimen187
\pgf@yb=\dimen188
\pgf@xc=\dimen189
\pgf@yc=\dimen190
\pgf@xd=\dimen191
\pgf@yd=\dimen192
\w@pgf@writea=\write3
\r@pgf@reada=\read2
\c@pgf@counta=\count281
\c@pgf@countb=\count282
\c@pgf@countc=\count283
\c@pgf@countd=\count284
\t@pgf@toka=\toks28
\t@pgf@tokb=\toks29
\t@pgf@tokc=\toks30
\pgf@sys@id@count=\count285
 (/usr/share/texlive/texmf-dist/tex/generic/pgf/systemlayer/pgf.cfg
File: pgf.cfg 2021/05/15 v3.1.9a (3.1.9a)
)
Driver file for pgf: pgfsys-pdftex.def

(/usr/share/texlive/texmf-dist/tex/generic/pgf/systemlayer/pgfsys-pdftex.def
File: pgfsys-pdftex.def 2021/05/15 v3.1.9a (3.1.9a)

(/usr/share/texlive/texmf-dist/tex/generic/pgf/systemlayer/pgfsys-common-pdf.de
f
File: pgfsys-common-pdf.def 2021/05/15 v3.1.9a (3.1.9a)
)))
(/usr/share/texlive/texmf-dist/tex/generic/pgf/systemlayer/pgfsyssoftpath.code.
tex
File: pgfsyssoftpath.code.tex 2021/05/15 v3.1.9a (3.1.9a)
\pgfsyssoftpath@smallbuffer@items=\count286
\pgfsyssoftpath@bigbuffer@items=\count287
)
(/usr/share/texlive/texmf-dist/tex/generic/pgf/systemlayer/pgfsysprotocol.code.
tex
File: pgfsysprotocol.code.tex 2021/05/15 v3.1.9a (3.1.9a)
)) (/usr/share/texlive/texmf-dist/tex/latex/xcolor/xcolor.sty
Package: xcolor 2021/10/31 v2.13 LaTeX color extensions (UK)

(/usr/share/texlive/texmf-dist/tex/latex/graphics-cfg/color.cfg
File: color.cfg 2016/01/02 v1.6 sample color configuration
)
Package xcolor Info: Driver file: pdftex.def on input line 227.
Package xcolor Info: Model `cmy' substituted by `cmy0' on input line 1352.
Package xcolor Info: Model `hsb' substituted by `rgb' on input line 1356.
Package xcolor Info: Model `RGB' extended on input line 1368.
Package xcolor Info: Model `HTML' substituted by `rgb' on input line 1370.
Package xcolor Info: Model `Hsb' substituted by `hsb' on input line 1371.
Package xcolor Info: Model `tHsb' substituted by `hsb' on input line 1372.
Package xcolor Info: Model `HSB' substituted by `hsb' on input line 1373.
Package xcolor Info: Model `Gray' substituted by `gray' on input line 1374.
Package xcolor Info: Model `wave' substituted by `hsb' on input line 1375.
)
(/usr/share/texlive/texmf-dist/tex/generic/pgf/basiclayer/pgfcore.code.tex
Package: pgfcore 2021/05/15 v3.1.9a (3.1.9a)

(/usr/share/texlive/texmf-dist/tex/generic/pgf/math/pgfmath.code.tex
(/usr/share/texlive/texmf-dist/tex/generic/pgf/math/pgfmathcalc.code.tex
(/usr/share/texlive/texmf-dist/tex/generic/pgf/math/pgfmathutil.code.tex)
(/usr/share/texlive/texmf-dist/tex/generic/pgf/math/pgfmathparser.code.tex
\pgfmath@dimen=\dimen193
\pgfmath@count=\count288
\pgfmath@box=\box55
\pgfmath@toks=\toks31
\pgfmath@stack@operand=\toks32
\pgfmath@stack@operation=\toks33
)
(/usr/share/texlive/texmf-dist/tex/generic/pgf/math/pgfmathfunctions.code.tex
(/usr/share/texlive/texmf-dist/tex/generic/pgf/math/pgfmathfunctions.basic.code
.tex)
(/usr/share/texlive/texmf-dist/tex/generic/pgf/math/pgfmathfunctions.trigonomet
ric.code.tex)
(/usr/share/texlive/texmf-dist/tex/generic/pgf/math/pgfmathfunctions.random.cod
e.tex)
(/usr/share/texlive/texmf-dist/tex/generic/pgf/math/pgfmathfunctions.comparison
.code.tex)
(/usr/share/texlive/texmf-dist/tex/generic/pgf/math/pgfmathfunctions.base.code.
tex)
(/usr/share/texlive/texmf-dist/tex/generic/pgf/math/pgfmathfunctions.round.code
.tex)
(/usr/share/texlive/texmf-dist/tex/generic/pgf/math/pgfmathfunctions.misc.code.
tex)
(/usr/share/texlive/texmf-dist/tex/generic/pgf/math/pgfmathfunctions.integerari
thmetics.code.tex)))
(/usr/share/texlive/texmf-dist/tex/generic/pgf/math/pgfmathfloat.code.tex
\c@pgfmathroundto@lastzeros=\count289
))
(/usr/share/texlive/texmf-dist/tex/generic/pgf/math/pgfint.code.tex)
(/usr/share/texlive/texmf-dist/tex/generic/pgf/basiclayer/pgfcorepoints.code.te
x
File: pgfcorepoints.code.tex 2021/05/15 v3.1.9a (3.1.9a)
\pgf@picminx=\dimen194
\pgf@picmaxx=\dimen195
\pgf@picminy=\dimen196
\pgf@picmaxy=\dimen197
\pgf@pathminx=\dimen198
\pgf@pathmaxx=\dimen199
\pgf@pathminy=\dimen256
\pgf@pathmaxy=\dimen257
\pgf@xx=\dimen258
\pgf@xy=\dimen259
\pgf@yx=\dimen260
\pgf@yy=\dimen261
\pgf@zx=\dimen262
\pgf@zy=\dimen263
)
(/usr/share/texlive/texmf-dist/tex/generic/pgf/basiclayer/pgfcorepathconstruct.
code.tex
File: pgfcorepathconstruct.code.tex 2021/05/15 v3.1.9a (3.1.9a)
\pgf@path@lastx=\dimen264
\pgf@path@lasty=\dimen265
)
(/usr/share/texlive/texmf-dist/tex/generic/pgf/basiclayer/pgfcorepathusage.code
.tex
File: pgfcorepathusage.code.tex 2021/05/15 v3.1.9a (3.1.9a)
\pgf@shorten@end@additional=\dimen266
\pgf@shorten@start@additional=\dimen267
)
(/usr/share/texlive/texmf-dist/tex/generic/pgf/basiclayer/pgfcorescopes.code.te
x
File: pgfcorescopes.code.tex 2021/05/15 v3.1.9a (3.1.9a)
\pgfpic=\box56
\pgf@hbox=\box57
\pgf@layerbox@main=\box58
\pgf@picture@serial@count=\count290
)
(/usr/share/texlive/texmf-dist/tex/generic/pgf/basiclayer/pgfcoregraphicstate.c
ode.tex
File: pgfcoregraphicstate.code.tex 2021/05/15 v3.1.9a (3.1.9a)
\pgflinewidth=\dimen268
)
(/usr/share/texlive/texmf-dist/tex/generic/pgf/basiclayer/pgfcoretransformation
s.code.tex
File: pgfcoretransformations.code.tex 2021/05/15 v3.1.9a (3.1.9a)
\pgf@pt@x=\dimen269
\pgf@pt@y=\dimen270
\pgf@pt@temp=\dimen271
)
(/usr/share/texlive/texmf-dist/tex/generic/pgf/basiclayer/pgfcorequick.code.tex
File: pgfcorequick.code.tex 2021/05/15 v3.1.9a (3.1.9a)
)
(/usr/share/texlive/texmf-dist/tex/generic/pgf/basiclayer/pgfcoreobjects.code.t
ex
File: pgfcoreobjects.code.tex 2021/05/15 v3.1.9a (3.1.9a)
)
(/usr/share/texlive/texmf-dist/tex/generic/pgf/basiclayer/pgfcorepathprocessing
.code.tex
File: pgfcorepathprocessing.code.tex 2021/05/15 v3.1.9a (3.1.9a)
)
(/usr/share/texlive/texmf-dist/tex/generic/pgf/basiclayer/pgfcorearrows.code.te
x
File: pgfcorearrows.code.tex 2021/05/15 v3.1.9a (3.1.9a)
\pgfarrowsep=\dimen272
)
(/usr/share/texlive/texmf-dist/tex/generic/pgf/basiclayer/pgfcoreshade.code.tex
File: pgfcoreshade.code.tex 2021/05/15 v3.1.9a (3.1.9a)
\pgf@max=\dimen273
\pgf@sys@shading@range@num=\count291
\pgf@shadingcount=\count292
)
(/usr/share/texlive/texmf-dist/tex/generic/pgf/basiclayer/pgfcoreimage.code.tex
File: pgfcoreimage.code.tex 2021/05/15 v3.1.9a (3.1.9a)

(/usr/share/texlive/texmf-dist/tex/generic/pgf/basiclayer/pgfcoreexternal.code.
tex
File: pgfcoreexternal.code.tex 2021/05/15 v3.1.9a (3.1.9a)
\pgfexternal@startupbox=\box59
))
(/usr/share/texlive/texmf-dist/tex/generic/pgf/basiclayer/pgfcorelayers.code.te
x
File: pgfcorelayers.code.tex 2021/05/15 v3.1.9a (3.1.9a)
)
(/usr/share/texlive/texmf-dist/tex/generic/pgf/basiclayer/pgfcoretransparency.c
ode.tex
File: pgfcoretransparency.code.tex 2021/05/15 v3.1.9a (3.1.9a)
)
(/usr/share/texlive/texmf-dist/tex/generic/pgf/basiclayer/pgfcorepatterns.code.
tex
File: pgfcorepatterns.code.tex 2021/05/15 v3.1.9a (3.1.9a)
)
(/usr/share/texlive/texmf-dist/tex/generic/pgf/basiclayer/pgfcorerdf.code.tex
File: pgfcorerdf.code.tex 2021/05/15 v3.1.9a (3.1.9a)
)))
(/usr/share/texlive/texmf-dist/tex/generic/pgf/modules/pgfmoduleshapes.code.tex
File: pgfmoduleshapes.code.tex 2021/05/15 v3.1.9a (3.1.9a)
\pgfnodeparttextbox=\box60
) (/usr/share/texlive/texmf-dist/tex/generic/pgf/modules/pgfmoduleplot.code.tex
File: pgfmoduleplot.code.tex 2021/05/15 v3.1.9a (3.1.9a)
)
(/usr/share/texlive/texmf-dist/tex/latex/pgf/compatibility/pgfcomp-version-0-65
.sty
Package: pgfcomp-version-0-65 2021/05/15 v3.1.9a (3.1.9a)
\pgf@nodesepstart=\dimen274
\pgf@nodesepend=\dimen275
)
(/usr/share/texlive/texmf-dist/tex/latex/pgf/compatibility/pgfcomp-version-1-18
.sty
Package: pgfcomp-version-1-18 2021/05/15 v3.1.9a (3.1.9a)
)) (/usr/share/texlive/texmf-dist/tex/latex/pgf/utilities/pgffor.sty
(/usr/share/texlive/texmf-dist/tex/latex/pgf/utilities/pgfkeys.sty
(/usr/share/texlive/texmf-dist/tex/generic/pgf/utilities/pgfkeys.code.tex))
(/usr/share/texlive/texmf-dist/tex/latex/pgf/math/pgfmath.sty
(/usr/share/texlive/texmf-dist/tex/generic/pgf/math/pgfmath.code.tex))
(/usr/share/texlive/texmf-dist/tex/generic/pgf/utilities/pgffor.code.tex
Package: pgffor 2021/05/15 v3.1.9a (3.1.9a)

(/usr/share/texlive/texmf-dist/tex/generic/pgf/math/pgfmath.code.tex)
\pgffor@iter=\dimen276
\pgffor@skip=\dimen277
\pgffor@stack=\toks34
\pgffor@toks=\toks35
))
(/usr/share/texlive/texmf-dist/tex/generic/pgf/frontendlayer/tikz/tikz.code.tex
Package: tikz 2021/05/15 v3.1.9a (3.1.9a)

(/usr/share/texlive/texmf-dist/tex/generic/pgf/libraries/pgflibraryplothandlers
.code.tex
File: pgflibraryplothandlers.code.tex 2021/05/15 v3.1.9a (3.1.9a)
\pgf@plot@mark@count=\count293
\pgfplotmarksize=\dimen278
)
\tikz@lastx=\dimen279
\tikz@lasty=\dimen280
\tikz@lastxsaved=\dimen281
\tikz@lastysaved=\dimen282
\tikz@lastmovetox=\dimen283
\tikz@lastmovetoy=\dimen284
\tikzleveldistance=\dimen285
\tikzsiblingdistance=\dimen286
\tikz@figbox=\box61
\tikz@figbox@bg=\box62
\tikz@tempbox=\box63
\tikz@tempbox@bg=\box64
\tikztreelevel=\count294
\tikznumberofchildren=\count295
\tikznumberofcurrentchild=\count296
\tikz@fig@count=\count297

(/usr/share/texlive/texmf-dist/tex/generic/pgf/modules/pgfmodulematrix.code.tex
File: pgfmodulematrix.code.tex 2021/05/15 v3.1.9a (3.1.9a)
\pgfmatrixcurrentrow=\count298
\pgfmatrixcurrentcolumn=\count299
\pgf@matrix@numberofcolumns=\count300
)
\tikz@expandcount=\count301

(/usr/share/texlive/texmf-dist/tex/generic/pgf/frontendlayer/tikz/libraries/tik
zlibrarytopaths.code.tex
File: tikzlibrarytopaths.code.tex 2021/05/15 v3.1.9a (3.1.9a)
)))
(/usr/share/texlive/texmf-dist/tex/latex/amsfonts/amssymb.sty
Package: amssymb 2013/01/14 v3.01 AMS font symbols

(/usr/share/texlive/texmf-dist/tex/latex/amsfonts/amsfonts.sty
Package: amsfonts 2013/01/14 v3.01 Basic AMSFonts support
\symAMSa=\mathgroup4
\symAMSb=\mathgroup5
LaTeX Font Info:    Redeclaring math symbol \hbar on input line 98.
LaTeX Font Info:    Overwriting math alphabet `\mathfrak' in version `bold'
(Font)                  U/euf/m/n --> U/euf/b/n on input line 106.
))
(/usr/share/texlive/texmf-dist/tex/latex/tools/array.sty
Package: array 2021/10/04 v2.5f Tabular extension package (FMi)
\col@sep=\dimen287
\ar@mcellbox=\box65
\extrarowheight=\dimen288
\NC@list=\toks36
\extratabsurround=\skip53
\backup@length=\skip54
\ar@cellbox=\box66
)
(/usr/share/texlive/texmf-dist/tex/latex/booktabs/booktabs.sty
Package: booktabs 2020/01/12 v1.61803398 Publication quality tables
\heavyrulewidth=\dimen289
\lightrulewidth=\dimen290
\cmidrulewidth=\dimen291
\belowrulesep=\dimen292
\belowbottomsep=\dimen293
\aboverulesep=\dimen294
\abovetopsep=\dimen295
\cmidrulesep=\dimen296
\cmidrulekern=\dimen297
\defaultaddspace=\dimen298
\@cmidla=\count302
\@cmidlb=\count303
\@aboverulesep=\dimen299
\@belowrulesep=\dimen300
\@thisruleclass=\count304
\@lastruleclass=\count305
\@thisrulewidth=\dimen301
)
(/usr/share/texlive/texmf-dist/tex/latex/mathtools/mathtools.sty
Package: mathtools 2021/02/02 v1.28 mathematical typesetting tools

(/usr/share/texlive/texmf-dist/tex/latex/tools/calc.sty
Package: calc 2017/05/25 v4.3 Infix arithmetic (KKT,FJ)
\calc@Acount=\count306
\calc@Bcount=\count307
\calc@Adimen=\dimen302
\calc@Bdimen=\dimen303
\calc@Askip=\skip55
\calc@Bskip=\skip56
LaTeX Info: Redefining \setlength on input line 80.
LaTeX Info: Redefining \addtolength on input line 81.
\calc@Ccount=\count308
\calc@Cskip=\skip57
)
(/usr/share/texlive/texmf-dist/tex/latex/mathtools/mhsetup.sty
Package: mhsetup 2021/03/18 v1.4 programming setup (MH)
)
\g_MT_multlinerow_int=\count309
\l_MT_multwidth_dim=\dimen304
\origjot=\skip58
\l_MT_shortvdotswithinadjustabove_dim=\dimen305
\l_MT_shortvdotswithinadjustbelow_dim=\dimen306
\l_MT_above_intertext_sep=\dimen307
\l_MT_below_intertext_sep=\dimen308
\l_MT_above_shortintertext_sep=\dimen309
\l_MT_below_shortintertext_sep=\dimen310
\xmathstrut@box=\box67
\xmathstrut@dim=\dimen311
)
(/usr/share/texlive/texmf-dist/tex/generic/dirtree/dirtree.sty
Package: dirtree 2012/12/11 v0.32 package wrapper for dirtree

(/usr/share/texlive/texmf-dist/tex/generic/dirtree/dirtree.tex
`dirtree' v0.32, 2012/12/11 (jcc)
\DT@offset=\dimen312
\DT@width=\dimen313
\DT@sep=\dimen314
\DT@all=\dimen315
\DT@rulewidth=\dimen316
\DT@dotwidth=\dimen317
\DTbaselineskip=\dimen318
\DT@counti=\count310
\DT@countii=\count311
\DT@countiii=\count312
\DT@countiv=\count313
\DT@indent=\dimen319
\DT@parskip=\dimen320
\DT@baselineskip=\dimen321
)
File: dirtree.tex 2012/12/11 v0.32 `dirtree' (jcc)
)
(/usr/share/texlive/texmf-dist/tex/latex/float/float.sty
Package: float 2001/11/08 v1.3d Float enhancements (AL)
\c@float@type=\count314
\float@exts=\toks37
\float@box=\box68
\@float@everytoks=\toks38
\@floatcapt=\box69
)
(/usr/share/texlive/texmf-dist/tex/latex/caption/caption.sty
Package: caption 2020/10/26 v3.5g Customizing captions (AR)

(/usr/share/texlive/texmf-dist/tex/latex/caption/caption3.sty
Package: caption3 2020/10/21 v2.2e caption3 kernel (AR)
\captionmargin=\dimen322
\captionmargin@=\dimen323
\captionwidth=\dimen324
\caption@tempdima=\dimen325
\caption@indent=\dimen326
\caption@parindent=\dimen327
\caption@hangindent=\dimen328
Package caption Info: Unknown document class (or package),
(caption)             standard defaults will be used.
Package caption Info: \@makecaption = \long macro:#1#2->\ifx \@captype \@IEEEta
blestring \footnotesize \bgroup \par \centering \@IEEEtabletopskipstrut {\norma
lfont \footnotesize #1}\\{\normalfont \footnotesize \scshape #2}\par \addvspace
 {0.5\baselineskip }\egroup \@IEEEtablecaptionsepspace \else \@IEEEfigurecaptio
nsepspace \setbox \@tempboxa \hbox {\normalfont \footnotesize {#1.}\nobreakspac
e \nobreakspace #2}\ifdim \wd \@tempboxa >\hsize \setbox \@tempboxa \hbox {\nor
malfont \footnotesize {#1.}\nobreakspace \nobreakspace }\parbox [t]{\hsize }{\n
ormalfont \footnotesize \noindent \unhbox \@tempboxa #2}\else \ifCLASSOPTIONcon
ference \hbox to\hsize {\normalfont \footnotesize \hfil \box \@tempboxa \hfil }
\else \hbox to\hsize {\normalfont \footnotesize \box \@tempboxa \hfil }\fi \fi 
\fi  on input line 1139.
)

Package caption Warning: Unknown document class (or package),
(caption)                standard defaults will be used.
See the caption package documentation for explanation.

\c@caption@flags=\count315
\c@continuedfloat=\count316
Package caption Info: float package is loaded.
) (/usr/share/texlive/texmf-dist/tex/latex/enumitem/enumitem.sty
Package: enumitem 2019/06/20 v3.9 Customized lists
\labelindent=\skip59
\enit@outerparindent=\dimen329
\enit@toks=\toks39
\enit@inbox=\box70
\enit@count@id=\count317
\enitdp@description=\count318
)
(/usr/share/texlive/texmf-dist/tex/latex/listings/listings.sty
\lst@mode=\count319
\lst@gtempboxa=\box71
\lst@token=\toks40
\lst@length=\count320
\lst@currlwidth=\dimen330
\lst@column=\count321
\lst@pos=\count322
\lst@lostspace=\dimen331
\lst@width=\dimen332
\lst@newlines=\count323
\lst@lineno=\count324
\lst@maxwidth=\dimen333

(/usr/share/texlive/texmf-dist/tex/latex/listings/lstmisc.sty
File: lstmisc.sty 2020/03/24 1.8d (Carsten Heinz)
\c@lstnumber=\count325
\lst@skipnumbers=\count326
\lst@framebox=\box72
)
(/usr/share/texlive/texmf-dist/tex/latex/listings/listings.cfg
File: listings.cfg 2020/03/24 1.8d listings configuration
))
Package: listings 2020/03/24 1.8d (Carsten Heinz)

(/usr/share/texlive/texmf-dist/tex/latex/fancyvrb/fancyvrb.sty
Package: fancyvrb 2021/12/21 4.1b verbatim text (tvz,hv)
\FV@CodeLineNo=\count327
\FV@InFile=\read3
\FV@TabBox=\box73
\c@FancyVerbLine=\count328
\FV@StepNumber=\count329
\FV@OutFile=\write4
)
\c@Chapcounter=\count330

(/usr/share/texlive/texmf-dist/tex/latex/l3backend/l3backend-pdftex.def
File: l3backend-pdftex.def 2022-01-12 L3 backend support: PDF output (pdfTeX)
\l__color_backend_stack_int=\count331
\l__pdf_internal_box=\box74
)

LaTeX Warning: Unused global option(s):
    [15pt].

(./comm.aux)
\openout1 = `comm.aux'.

LaTeX Font Info:    Checking defaults for OML/cmm/m/it on input line 89.
LaTeX Font Info:    ... okay on input line 89.
LaTeX Font Info:    Checking defaults for OMS/cmsy/m/n on input line 89.
LaTeX Font Info:    ... okay on input line 89.
LaTeX Font Info:    Checking defaults for OT1/cmr/m/n on input line 89.
LaTeX Font Info:    ... okay on input line 89.
LaTeX Font Info:    Checking defaults for T1/cmr/m/n on input line 89.
LaTeX Font Info:    ... okay on input line 89.
LaTeX Font Info:    Checking defaults for TS1/cmr/m/n on input line 89.
LaTeX Font Info:    ... okay on input line 89.
LaTeX Font Info:    Checking defaults for OMX/cmex/m/n on input line 89.
LaTeX Font Info:    ... okay on input line 89.
LaTeX Font Info:    Checking defaults for U/cmr/m/n on input line 89.
LaTeX Font Info:    ... okay on input line 89.

-- Lines per column: 60 (approximate, difference = 2.7pt).
(/usr/share/texlive/texmf-dist/tex/context/base/mkii/supp-pdf.mkii
[Loading MPS to PDF converter (version 2006.09.02).]
\scratchcounter=\count332
\scratchdimen=\dimen334
\scratchbox=\box75
\nofMPsegments=\count333
\nofMParguments=\count334
\everyMPshowfont=\toks41
\MPscratchCnt=\count335
\MPscratchDim=\dimen335
\MPnumerator=\count336
\makeMPintoPDFobject=\count337
\everyMPtoPDFconversion=\toks42
) (/usr/share/texlive/texmf-dist/tex/latex/epstopdf-pkg/epstopdf-base.sty
Package: epstopdf-base 2020-01-24 v2.11 Base part for package epstopdf
Package epstopdf-base Info: Redefining graphics rule for `.eps' on input line 4
85.

(/usr/share/texlive/texmf-dist/tex/latex/latexconfig/epstopdf-sys.cfg
File: epstopdf-sys.cfg 2010/07/13 v1.3 Configuration of (r)epstopdf for TeX Liv
e
))
*geometry* driver: auto-detecting
*geometry* detected driver: pdftex
*geometry* verbose mode - [ preamble ] result:
* driver: pdftex
* paper: <default>
* layout: <same size as paper>
* layoutoffset:(h,v)=(0.0pt,0.0pt)
* modes: 
* h-part:(L,W,R)=(36.135pt, 542.02501pt, 36.135pt)
* v-part:(T,H,B)=(36.135pt, 722.7pt, 36.135pt)
* \paperwidth=614.295pt
* \paperheight=794.96999pt
* \textwidth=542.02501pt
* \textheight=722.7pt
* \oddsidemargin=-36.135pt
* \evensidemargin=-36.135pt
* \topmargin=-69.47699pt
* \headheight=12.0pt
* \headsep=21.342pt
* \topskip=12.0pt
* \footskip=25.80774pt
* \marginparwidth=20.0pt
* \marginparsep=10.0pt
* \columnsep=12.0pt
* \skip\footins=10.79993pt plus 4.79993pt minus 2.39996pt
* \hoffset=0.0pt
* \voffset=0.0pt
* \mag=1000
* \@twocolumnfalse
* \@twosidefalse
* \@mparswitchfalse
* \@reversemarginfalse
* (1in=72.27pt=25.4mm, 1cm=28.453pt)

Package caption Info: Begin \AtBeginDocument code.
Package caption Info: listings package is loaded.
Package caption Info: End \AtBeginDocument code.
\c@lstlisting=\count338
LaTeX Font Info:    Trying to load font information for U+msa on input line 100
.
(/usr/share/texlive/texmf-dist/tex/latex/amsfonts/umsa.fd
File: umsa.fd 2013/01/14 v3.01 AMS symbols A
)
LaTeX Font Info:    Trying to load font information for U+msb on input line 100
.

(/usr/share/texlive/texmf-dist/tex/latex/amsfonts/umsb.fd
File: umsb.fd 2013/01/14 v3.01 AMS symbols B
)

LaTeX Warning: Reference `eq:dice_xdef' on page 1 undefined on input line 128.


LaTeX Warning: Reference `eq:dice_x_sum' on page 1 undefined on input line 142.



LaTeX Warning: Reference `eq:dice_x1_indep' on page 1 undefined on input line 1
42.


LaTeX Warning: Reference `eq:dice_pmf_xi' on page 1 undefined on input line 149
.


LaTeX Warning: Reference `eq:dice_x_conv' on page 1 undefined on input line 150
.


LaTeX Warning: Reference `eq:dice_x_conv_x1' on page 1 undefined on input line 
158.


LaTeX Warning: Reference `eq:dice_pmf_xi' on page 1 undefined on input line 173
.


LaTeX Warning: Reference `eq:dice_x_conv_cond' on page 1 undefined on input lin
e 173.


LaTeX Warning: Reference `eq:dice_wrong' on page 1 undefined on input line 187.


[1{/var/lib/texmf/fonts/map/pdftex/updmap/pdftex.map}]

LaTeX Warning: Reference `eq:dice_pmf_xi' on page 2 undefined on input line 196
.


LaTeX Warning: Reference `eq:dice_xz' on page 2 undefined on input line 196.


LaTeX Warning: Reference `eq:dice_xiz' on page 2 undefined on input line 212.


LaTeX Warning: Reference `eq:dice_xzprod_def' on page 2 undefined on input line
 212.


LaTeX Warning: Reference `eq:dice_xz' on page 2 undefined on input line 249.


LaTeX Warning: Reference `eq:dice_xzprod' on page 2 undefined on input line 249
.


LaTeX Warning: Reference `eq:dice_xz_closed' on page 2 undefined on input line 
249.


LaTeX Warning: Reference `eq:dice_x_conv_final' on page 2 undefined on input li
ne 256.


LaTeX Warning: Reference `eq:dice_x_conv_final' on page 2 undefined on input li
ne 256.


LaTeX Warning: Reference `eq:dice_xz_closed' on page 2 undefined on input line 
256.


LaTeX Warning: Reference `fig:dice' on page 2 undefined on input line 260.


LaTeX Warning: Reference `eq:dice_x_conv_final' on page 2 undefined on input li
ne 260.

<./figs/pmf_dice.pdf, id=22, 462.52798pt x 346.89601pt>
File: ./figs/pmf_dice.pdf Graphic file (type pdf)
<use ./figs/pmf_dice.pdf>
Package pdftex.def Info: ./figs/pmf_dice.pdf  used on input line 264.
(pdftex.def)             Requested size: 542.02501pt x 406.53893pt.
[2]
LaTeX Font Info:    Trying to load font information for OT1+pcr on input line 2
69.
 (/usr/share/texlive/texmf-dist/tex/latex/psnfss/ot1pcr.fd
File: ot1pcr.fd 2001/06/04 font definitions for OT1/pcr.
)
<./figs/uni_cdf.pdf, id=27, 462.52798pt x 346.89601pt>
File: ./figs/uni_cdf.pdf Graphic file (type pdf)
<use ./figs/uni_cdf.pdf>
Package pdftex.def Info: ./figs/uni_cdf.pdf  used on input line 301.
(pdftex.def)             Requested size: 542.02501pt x 406.53893pt.
 [3 <./figs/pmf_dice.pdf>]

LaTeX Warning: Reference `eq:uni_pdf' on page 4 undefined on input line 323.


LaTeX Warning: Reference `eq:pdf_to_cdf' on page 4 undefined on input line 323.


[4 <./figs/uni_cdf.pdf>]
<./figs/gauss_cdf.pdf, id=108, 462.52798pt x 346.89601pt>
File: ./figs/gauss_cdf.pdf Graphic file (type pdf)
<use ./figs/gauss_cdf.pdf>
Package pdftex.def Info: ./figs/gauss_cdf.pdf  used on input line 409.
(pdftex.def)             Requested size: 542.02501pt x 406.53893pt.

Underfull \hbox (badness 10000) in paragraph at lines 405--412

 []

[5]
<./figs/gauss_pdf.pdf, id=112, 462.52798pt x 346.89601pt>
File: ./figs/gauss_pdf.pdf Graphic file (type pdf)
<use ./figs/gauss_pdf.pdf>
Package pdftex.def Info: ./figs/gauss_pdf.pdf  used on input line 434.
(pdftex.def)             Requested size: 542.02501pt x 406.53893pt.
 [6 <./figs/gauss_cdf.pdf>]

LaTeX Warning: Reference `eq:gau_pdf' on page 7 undefined on input line 462.


LaTeX Warning: Reference `eq:mean_exp' on page 7 undefined on input line 462.

[7 <./figs/gauss_pdf.pdf>]

LaTeX Warning: Reference `eq:var_exp' on page 8 undefined on input line 470.

<./figs/log.pdf, id=192, 462.52798pt x 346.89601pt>
File: ./figs/log.pdf Graphic file (type pdf)
<use ./figs/log.pdf>
Package pdftex.def Info: ./figs/log.pdf  used on input line 505.
(pdftex.def)             Requested size: 542.02501pt x 406.53893pt.
[8]

LaTeX Warning: Reference `eq:uni_cdf' on page 9 undefined on input line 516.

[9 <./figs/log.pdf>]
<./figs/triangle_cdf.pdf, id=237, 462.52798pt x 346.89601pt>
File: ./figs/triangle_cdf.pdf Graphic file (type pdf)
<use ./figs/triangle_cdf.pdf>
Package pdftex.def Info: ./figs/triangle_cdf.pdf  used on input line 546.
(pdftex.def)             Requested size: 542.02501pt x 406.53893pt.

Underfull \hbox (badness 10000) in paragraph at lines 550--551

 []

<./figs/triangle_pdf.pdf, id=238, 462.52798pt x 346.89601pt>
File: ./figs/triangle_pdf.pdf Graphic file (type pdf)
<use ./figs/triangle_pdf.pdf>
Package pdftex.def Info: ./figs/triangle_pdf.pdf  used on input line 557.
(pdftex.def)             Requested size: 542.02501pt x 406.53893pt.
[10 <./figs/triangle_cdf.pdf>]

LaTeX Warning: Reference `eq:uni_pdf' on page 11 undefined on input line 566.


LaTeX Warning: Reference `eq:pdf_to_cdf' on page 11 undefined on input line 577
.

[11 <./figs/triangle_pdf.pdf>]
<./figs/3.pdf, id=320, 462.52798pt x 346.89601pt>
File: ./figs/3.pdf Graphic file (type pdf)
<use ./figs/3.pdf>
Package pdftex.def Info: ./figs/3.pdf  used on input line 610.
(pdftex.def)             Requested size: 542.02501pt x 406.53893pt.
 [12 <./figs/3.pdf>]

LaTeX Warning: Reference `eq:bpks_prob_err_cond' on page 13 undefined on input 
line 658.

<./figs/bpsk_pe_snr.pdf, id=346, 462.52798pt x 346.89601pt>
File: ./figs/bpsk_pe_snr.pdf Graphic file (type pdf)
<use ./figs/bpsk_pe_snr.pdf>
Package pdftex.def Info: ./figs/bpsk_pe_snr.pdf  used on input line 681.
(pdftex.def)             Requested size: 542.02501pt x 406.53893pt.
[13]

LaTeX Warning: Reference `eq:bpsk_prob_error_equi' on page 14 undefined on inpu
t line 708.


LaTeX Warning: Reference `eq:q_func_integral' on page 14 undefined on input lin
e 712.

[14 <./figs/bpsk_pe_snr.pdf>]

LaTeX Warning: Reference `eq:prob_error_delta_equi' on page 15 undefined on inp
ut line 718.


LaTeX Warning: Reference `eq:q_func_integral' on page 15 undefined on input lin
e 739.


LaTeX Warning: Reference `prob:bpsk_delta_equi' on page 15 undefined on input l
ine 746.


Underfull \hbox (badness 10000) in paragraph at lines 750--753

 []


LaTeX Warning: Reference `fig:bpsk_map_density' on page 15 undefined on input l
ine 763.

<./figs/bpsk_map_density.pdf, id=395, 462.52798pt x 346.89601pt>
File: ./figs/bpsk_map_density.pdf Graphic file (type pdf)
<use ./figs/bpsk_map_density.pdf>
Package pdftex.def Info: ./figs/bpsk_map_density.pdf  used on input line 766.
(pdftex.def)             Requested size: 542.02501pt x 406.53893pt.
[15]

LaTeX Warning: Reference `prob:bpsk_decision_uneqi' on page 16 undefined on inp
ut line 778.


LaTeX Warning: Reference `fig:chisq_cdf' on page 16 undefined on input line 801
.


LaTeX Warning: Reference `fig:chisq_pdf' on page 16 undefined on input line 801
.

<./figs/chisq_cdf.pdf, id=399, 462.52798pt x 346.89601pt>
File: ./figs/chisq_cdf.pdf Graphic file (type pdf)
<use ./figs/chisq_cdf.pdf>
Package pdftex.def Info: ./figs/chisq_cdf.pdf  used on input line 809.
(pdftex.def)             Requested size: 542.02501pt x 406.53893pt.
[16 <./figs/bpsk_map_density.pdf>]
<./figs/pdf.pdf, id=438, 462.52798pt x 346.89601pt>
File: ./figs/pdf.pdf Graphic file (type pdf)
<use ./figs/pdf.pdf>
Package pdftex.def Info: ./figs/pdf.pdf  used on input line 815.
(pdftex.def)             Requested size: 542.02501pt x 406.53893pt.
 [17 <./figs/chisq_cdf.pdf>]

LaTeX Warning: Reference `eq:cdf_to_pdf' on page 18 undefined on input line 843
.


LaTeX Warning: Reference `eq:square_pdf_gen' on page 18 undefined on input line
 850.


LaTeX Warning: Reference `eq:chisq_pdf' on page 18 undefined on input line 859.


[18 <./figs/pdf.pdf>]

LaTeX Warning: Reference `eq:pdf_to_cdf' on page 19 undefined on input line 868
.


LaTeX Warning: Reference `eq:chisq2_cdf' on page 19 undefined on input line 875
.


LaTeX Warning: Reference `eq:chisq2_cdf_gen' on page 19 undefined on input line
 875.


LaTeX Warning: Reference `eq:cdf_to_pdf' on page 19 undefined on input line 893
.

<./figs/root_cdf.pdf, id=516, 462.52798pt x 346.89601pt>
File: ./figs/root_cdf.pdf Graphic file (type pdf)
<use ./figs/root_cdf.pdf>
Package pdftex.def Info: ./figs/root_cdf.pdf  used on input line 904.
(pdftex.def)             Requested size: 542.02501pt x 406.53893pt.
<./figs/chisq_pdf.pdf, id=517, 462.52798pt x 346.89601pt>
File: ./figs/chisq_pdf.pdf Graphic file (type pdf)
<use ./figs/chisq_pdf.pdf>
Package pdftex.def Info: ./figs/chisq_pdf.pdf  used on input line 910.
(pdftex.def)             Requested size: 542.02501pt x 406.53893pt.
[19] [20 <./figs/root_cdf.pdf>]

LaTeX Warning: Reference `fig:bpsk_pe_snr_rayleigh' on page 21 undefined on inp
ut line 931.


LaTeX Warning: Reference `eq:bpsk_decision' on page 21 undefined on input line 
938.

[21 <./figs/chisq_pdf.pdf>]

LaTeX Warning: Reference `eq:rayleigh_cdf' on page 22 undefined on input line 9
61.


LaTeX Warning: Reference `eq:prob_err_bpsk_rayleigh_cdf' on page 22 undefined o
n input line 961.


LaTeX Warning: Reference `eq:prob_err_bpsk_rayleigh_fN' on page 22 undefined on
 input line 980.


LaTeX Warning: Reference `ch4_sim' on page 22 undefined on input line 994.


LaTeX Warning: Reference `ch4_anal' on page 22 undefined on input line 994.


LaTeX Warning: Reference `fig:bpsk_pe_snr_rayleigh' on page 22 undefined on inp
ut line 995.


LaTeX Warning: Reference `fig:bpsk_pe_snr' on page 22 undefined on input line 9
96.

</home/mannava/latex/prob_error.pdf, id=599, 462.52798pt x 346.89601pt>
File: /home/mannava/latex/prob_error.pdf Graphic file (type pdf)
<use /home/mannava/latex/prob_error.pdf>
Package pdftex.def Info: /home/mannava/latex/prob_error.pdf  used on input line
 999.
(pdftex.def)             Requested size: 542.02501pt x 406.53893pt.
[22]

LaTeX Warning: Reference `eq:prob_err_rayleigh_gen' on page 23 undefined on inp
ut line 1003.


LaTeX Warning: Reference `eq:prob_err_rayleigh_gen' on page 23 undefined on inp
ut line 1007.

</home/mannava/latex/biv_scatter.pdf, id=603, 462.52798pt x 346.89601pt>
File: /home/mannava/latex/biv_scatter.pdf Graphic file (type pdf)
<use /home/mannava/latex/biv_scatter.pdf>
Package pdftex.def Info: /home/mannava/latex/biv_scatter.pdf  used on input lin
e 1060.
(pdftex.def)             Requested size: 542.02501pt x 406.53893pt.
[23 </home/mannava/latex/prob_error.pdf>]
Underfull \hbox (badness 10000) in paragraph at lines 1067--1070

 []


Underfull \hbox (badness 10000) in paragraph at lines 1090--1096

 []

[24 </home/mannava/latex/biv_scatter.pdf>]
</home/mannava/latex/fsk_mod.png, id=673, 809.0225pt x 415.5525pt>
File: /home/mannava/latex/fsk_mod.png Graphic file (type png)
<use /home/mannava/latex/fsk_mod.png>
Package pdftex.def Info: /home/mannava/latex/fsk_mod.png  used on input line 11
05.
(pdftex.def)             Requested size: 542.02501pt x 278.41238pt.

Underfull \hbox (badness 10000) in paragraph at lines 1110--1113

 []


Underfull \hbox (badness 10000) in paragraph at lines 1121--1123

 []

[25 </home/mannava/latex/fsk_mod.png>]
Underfull \hbox (badness 10000) in paragraph at lines 1126--1129

 []


Underfull \hbox (badness 10000) in paragraph at lines 1148--1150

 []


Underfull \hbox (badness 10000) in paragraph at lines 1152--1155

 []

</home/mannava/latex/fsk_demod.png, id=679, 782.925pt x 380.42125pt>
File: /home/mannava/latex/fsk_demod.png Graphic file (type png)
<use /home/mannava/latex/fsk_demod.png>
Package pdftex.def Info: /home/mannava/latex/fsk_demod.png  used on input line 
1162.
(pdftex.def)             Requested size: 542.02501pt x 263.37906pt.

Underfull \hbox (badness 10000) in paragraph at lines 1157--1164

 []


Underfull \hbox (badness 10000) in paragraph at lines 1165--1167

 []


Underfull \hbox (badness 10000) in paragraph at lines 1169--1172

 []

[26 </home/mannava/latex/fsk_demod.png>]
Underfull \hbox (badness 10000) in paragraph at lines 1174--1177

 []

</home/mannava/latex/cons.jpg, id=686, 527.9725pt x 445.665pt>
File: /home/mannava/latex/cons.jpg Graphic file (type jpg)
<use /home/mannava/latex/cons.jpg>
Package pdftex.def Info: /home/mannava/latex/cons.jpg  used on input line 1201.

(pdftex.def)             Requested size: 271.0125pt x 228.7618pt.

Underfull \hbox (badness 10000) in paragraph at lines 1196--1203

 []


Underfull \hbox (badness 10000) in paragraph at lines 1204--1206

 []


Underfull \hbox (badness 10000) in paragraph at lines 1208--1210

 []


Underfull \hbox (badness 10000) in paragraph at lines 1213--1218

 []

[27 </home/mannava/latex/cons.jpg>]
Underfull \hbox (badness 10000) in paragraph at lines 1221--1224

 []


Underfull \hbox (badness 10000) in paragraph at lines 1245--1247

 []


Underfull \hbox (badness 10000) in paragraph at lines 1252--1254

 []


Underfull \hbox (badness 10000) in paragraph at lines 1256--1258

 []

[28]

LaTeX Warning: Reference `fig:biv_pe_snr' on page 29 undefined on input line 12
84.


LaTeX Warning: Reference `eq:biv_fsk_decision' on page 29 undefined on input li
ne 1291.


LaTeX Warning: Reference `eq:prob_error_fsk_inter' on page 29 undefined on inpu
t line 1302.


LaTeX Warning: Reference `fig:biv_pe_snr' on page 29 undefined on input line 13
09.

</home/mannava/latex/biv_pe_vs_snr.pdf, id=693, 462.52798pt x 346.89601pt>
File: /home/mannava/latex/biv_pe_vs_snr.pdf Graphic file (type pdf)
<use /home/mannava/latex/biv_pe_vs_snr.pdf>
Package pdftex.def Info: /home/mannava/latex/biv_pe_vs_snr.pdf  used on input l
ine 1313.
(pdftex.def)             Requested size: 542.02501pt x 406.53893pt.
[29] [30 </home/mannava/latex/biv_pe_vs_snr.pdf>] (./comm.aux)

LaTeX Warning: There were undefined references.


LaTeX Warning: Label(s) may have changed. Rerun to get cross-references right.

 ) 
Here is how much of TeX's memory you used:
 19195 strings out of 478287
 369924 string characters out of 5849289
 681192 words of memory out of 5000000
 37081 multiletter control sequences out of 15000+600000
 502856 words of font info for 90 fonts, out of 8000000 for 9000
 1141 hyphenation exceptions out of 8191
 84i,15n,89p,430b,1194s stack positions out of 5000i,500n,10000p,200000b,80000s
{/usr/share/texlive/texmf-dist/fonts/enc/dvips/base/8r.enc}</usr/share/texliv
e/texmf-dist/fonts/type1/public/amsfonts/cm/cmbx10.pfb></usr/share/texlive/texm
f-dist/fonts/type1/public/amsfonts/cm/cmbx7.pfb></usr/share/texlive/texmf-dist/
fonts/type1/public/amsfonts/cm/cmex10.pfb></usr/share/texlive/texmf-dist/fonts/
type1/public/amsfonts/cm/cmmi10.pfb></usr/share/texlive/texmf-dist/fonts/type1/
public/amsfonts/cm/cmmi5.pfb></usr/share/texlive/texmf-dist/fonts/type1/public/
amsfonts/cm/cmmi7.pfb></usr/share/texlive/texmf-dist/fonts/type1/public/amsfont
s/cm/cmr10.pfb></usr/share/texlive/texmf-dist/fonts/type1/public/amsfonts/cm/cm
r5.pfb></usr/share/texlive/texmf-dist/fonts/type1/public/amsfonts/cm/cmr7.pfb><
/usr/share/texlive/texmf-dist/fonts/type1/public/amsfonts/cm/cmsy10.pfb></usr/s
hare/texlive/texmf-dist/fonts/type1/public/amsfonts/cm/cmsy5.pfb></usr/share/te
xlive/texmf-dist/fonts/type1/public/amsfonts/cm/cmsy7.pfb></usr/share/texlive/t
exmf-dist/fonts/type1/public/amsfonts/symbols/msam10.pfb></usr/share/texlive/te
xmf-dist/fonts/type1/public/amsfonts/symbols/msbm10.pfb></usr/share/texlive/tex
mf-dist/fonts/type1/urw/courier/ucrr8a.pfb></usr/share/texlive/texmf-dist/fonts
/type1/urw/times/utmb8a.pfb></usr/share/texlive/texmf-dist/fonts/type1/urw/time
s/utmr8a.pfb></usr/share/texlive/texmf-dist/fonts/type1/urw/times/utmri8a.pfb>
Output written on comm.pdf (30 pages, 522620 bytes).
PDF statistics:
 819 PDF objects out of 1000 (max. 8388607)
 283 compressed objects within 3 object streams
 0 named destinations out of 1000 (max. 500000)
 113 words of extra memory for PDF output out of 10000 (max. 10000000)

