#! /usr/bin/vvp
:ivl_version "11.0 (stable)";
:ivl_delay_selection "TYPICAL";
:vpi_time_precision + 0;
:vpi_module "/usr/lib/x86_64-linux-gnu/ivl/system.vpi";
:vpi_module "/usr/lib/x86_64-linux-gnu/ivl/vhdl_sys.vpi";
:vpi_module "/usr/lib/x86_64-linux-gnu/ivl/vhdl_textio.vpi";
:vpi_module "/usr/lib/x86_64-linux-gnu/ivl/v2005_math.vpi";
:vpi_module "/usr/lib/x86_64-linux-gnu/ivl/va_math.vpi";
S_0x55dc5ec54290 .scope module, "piso" "piso" 2 1;
 .timescale 0 0;
    .port_info 0 /INPUT 1 "clk";
    .port_info 1 /INPUT 1 "reset";
    .port_info 2 /INPUT 200 "parallel_in";
    .port_info 3 /OUTPUT 1 "serial_out";
    .port_info 4 /OUTPUT 1 "empty";
    .port_info 5 /OUTPUT 1 "full";
o0x7f68f2946018 .functor BUFZ 1, C4<z>; HiZ drive
v0x55dc5ec54440_0 .net "clk", 0 0, o0x7f68f2946018;  0 drivers
o0x7f68f2946048 .functor BUFZ 1, C4<z>; HiZ drive
v0x55dc5ec78700_0 .net "empty", 0 0, o0x7f68f2946048;  0 drivers
o0x7f68f2946078 .functor BUFZ 1, C4<z>; HiZ drive
v0x55dc5ec787c0_0 .net "full", 0 0, o0x7f68f2946078;  0 drivers
v0x55dc5ec78860_0 .var "mem", 199 0;
o0x7f68f29460d8 .functor BUFZ 200, C4<zzzzzzzzzzzzzzzzzzzzzzzzzzzzzzzzzzzzzzzzzzzzzzzzzzzzzzzzzzzzzzzzzzzzzzzzzzzzzzzzzzzzzzzzzzzzzzzzzzzzzzzzzzzzzzzzzzzzzzzzzzzzzzzzzzzzzzzzzzzzzzzzzzzzzzzzzzzzzzzzzzzzzzzzzzzzzzzzzzzzzzzzzzzzzzzzzzzzzzzz>; HiZ drive
v0x55dc5ec78940_0 .net "parallel_in", 199 0, o0x7f68f29460d8;  0 drivers
v0x55dc5ec78a20_0 .var "rd_ptr", 9 0;
o0x7f68f2946138 .functor BUFZ 1, C4<z>; HiZ drive
v0x55dc5ec78b00_0 .net "reset", 0 0, o0x7f68f2946138;  0 drivers
v0x55dc5ec78bc0_0 .var "serial_out", 0 0;
v0x55dc5ec78c80_0 .var "wr_ptr", 9 0;
E_0x55dc5ec671b0 .event posedge, v0x55dc5ec54440_0;
    .scope S_0x55dc5ec54290;
T_0 ;
    %wait E_0x55dc5ec671b0;
    %load/vec4 v0x55dc5ec78b00_0;
    %flag_set/vec4 8;
    %jmp/0xz  T_0.0, 8;
    %pushi/vec4 0, 0, 10;
    %assign/vec4 v0x55dc5ec78a20_0, 0;
    %pushi/vec4 0, 0, 10;
    %assign/vec4 v0x55dc5ec78c80_0, 0;
    %jmp T_0.1;
T_0.0 ;
    %load/vec4 v0x55dc5ec787c0_0;
    %nor/r;
    %flag_set/vec4 8;
    %jmp/0xz  T_0.2, 8;
    %load/vec4 v0x55dc5ec78940_0;
    %pad/u 1;
    %ix/load 5, 0, 0;
    %ix/getv 4, v0x55dc5ec78c80_0;
    %assign/vec4/off/d v0x55dc5ec78860_0, 4, 5;
    %load/vec4 v0x55dc5ec78c80_0;
    %addi 1, 0, 10;
    %assign/vec4 v0x55dc5ec78c80_0, 0;
T_0.2 ;
    %load/vec4 v0x55dc5ec78700_0;
    %nor/r;
    %flag_set/vec4 8;
    %jmp/0xz  T_0.4, 8;
    %load/vec4 v0x55dc5ec78860_0;
    %load/vec4 v0x55dc5ec78a20_0;
    %part/u 1;
    %assign/vec4 v0x55dc5ec78bc0_0, 0;
    %load/vec4 v0x55dc5ec78a20_0;
    %addi 1, 0, 10;
    %assign/vec4 v0x55dc5ec78a20_0, 0;
T_0.4 ;
T_0.1 ;
    %jmp T_0;
    .thread T_0;
# The file index is used to find the file name in the following table.
:file_names 3;
    "N/A";
    "<interactive>";
    "piso.v";
